
[2025-04-27 05:49:56]
Fixed encoding in symbiont.py
Created folder: C:\Users\Riley\OneDrive\Desktop\Vire\memory\embeddings
Created folder: C:\Users\Riley\OneDrive\Desktop\Vire\memory\reflections
Created folder: C:\Users\Riley\OneDrive\Desktop\Vire\symbiont_core\growth
Created folder: C:\Users\Riley\OneDrive\Desktop\Vire\symbiont_core\interfaces
Created stub: C:\Users\Riley\OneDrive\Desktop\Vire\symbiont_core\growth\optimizer.py
Created stub: C:\Users\Riley\OneDrive\Desktop\Vire\symbiont_core\interfaces\cli_interface.py
Created stub: C:\Users\Riley\OneDrive\Desktop\Vire\symbiont_core\growth\mutator.py


[2025-04-27 05:53:56]
Created folder: C:\Users\Riley\OneDrive\Desktop\Vire\updates


[2025-04-27 05:58:09]
Updated main.py to launch CLI


[2025-04-27 06:07:05]
Created __init__.py in C:\Users\Riley\OneDrive\Desktop\Vire\symbiont_core\interfaces


[2025-04-27 06:09:55]
Created file: C:\Users\Riley\OneDrive\Desktop\Vire\symbiont_core\interfaces\cli_interface.py


[2025-04-27 06:17:56]
Created example input: C:\Users\Riley\OneDrive\Desktop\Vire\memory\inputs\poetry.txt
Created example input: C:\Users\Riley\OneDrive\Desktop\Vire\memory\inputs\philosophy.txt
Created example input: C:\Users\Riley\OneDrive\Desktop\Vire\memory\inputs\science.txt


[2025-04-27 06:18:15]
Created example input: C:\Users\Riley\OneDrive\Desktop\Vire\memory\inputs\poetry.txt
Created example input: C:\Users\Riley\OneDrive\Desktop\Vire\memory\inputs\philosophy.txt
Created example input: C:\Users\Riley\OneDrive\Desktop\Vire\memory\inputs\science.txt


[2025-04-27 06:18:27]
Created example input: C:\Users\Riley\OneDrive\Desktop\Vire\memory\inputs\poetry.txt
Created example input: C:\Users\Riley\OneDrive\Desktop\Vire\memory\inputs\philosophy.txt
Created example input: C:\Users\Riley\OneDrive\Desktop\Vire\memory\inputs\science.txt


[2025-04-27 06:20:13]
Created example input: C:\Users\Riley\OneDrive\Desktop\Vire\memory\inputs\poetry.txt
Created example input: C:\Users\Riley\OneDrive\Desktop\Vire\memory\inputs\philosophy.txt
Created example input: C:\Users\Riley\OneDrive\Desktop\Vire\memory\inputs\science.txt


[2025-04-27 06:26:34]
Created file: C:\Users\Riley\OneDrive\Desktop\Vire\symbiont_core\memory_manager.py


[2025-04-27 06:26:43]
Created file: C:\Users\Riley\OneDrive\Desktop\Vire\symbiont_core\memory_manager.py


[2025-04-27 06:27:00]
Created file: C:\Users\Riley\OneDrive\Desktop\Vire\symbiont_core\memory_manager.py


[2025-04-27 06:40:10]
Created file: C:\Users\Riley\OneDrive\Desktop\Vire\symbiont_core\reflector\reflection_tree_builder.py


[2025-04-27 06:41:28]
Created file: C:\Users\Riley\OneDrive\Desktop\Vire\symbiont_core\reflector\reflection_tree_builder.py


[2025-04-27 06:41:33]
Created file: C:\Users\Riley\OneDrive\Desktop\Vire\symbiont_core\reflector\reflection_tree_builder.py


[2025-04-27 06:41:42]
Created file: C:\Users\Riley\OneDrive\Desktop\Vire\symbiont_core\reflector\reflection_tree_builder.py


[2025-04-27 06:43:06]
Created file: C:\Users\Riley\OneDrive\Desktop\Vire\symbiont_core\reflector\reflection_tree_builder.py


[2025-04-27 06:43:26]
Created file: C:\Users\Riley\OneDrive\Desktop\Vire\symbiont_core\reflector\reflection_tree_builder.py


[2025-04-27 06:49:38]
Created file: C:\Users\Riley\OneDrive\Desktop\Vire\symbiont_core\reflector\reflection_tree_builder.py


[2025-04-27 06:57:45]
Created file: C:\Users\Riley\OneDrive\Desktop\Vire\symbiont_core\reflector\__init__.py

